<?xml version="1.0" encoding="UTF-8"?>
<testsuite name="com.example.fixmock.domain.OrderTest" tests="5" skipped="0" failures="0" errors="0" timestamp="2026-08-27T16:20:50.149Z" hostname="DESKTOP-QU7JKTR" time="0.005">
  <properties/>
  <testcase name="ACCEPTED_상태의_주문만_취소_가능하다()" classname="com.example.fixmock.domain.OrderTest" time="0.001"/>
  <testcase name="정상적으로_주문을_생성하면_초기값이_올바르게_설정된다()" classname="com.example.fixmock.domain.OrderTest" time="0.002"/>
  <testcase name="부분체결_후_완전체결까지_상태전이가_올바르다()" classname="com.example.fixmock.domain.OrderTest" time="0.0"/>
  <testcase name="reject_호출시_REJECTED_상태와_사유가_설정된다()" classname="com.example.fixmock.domain.OrderTest" time="0.001"/>
  <testcase name="accept_호출시_ACCEPTED_상태와_거래소주문번호가_설정된다()" classname="com.example.fixmock.domain.OrderTest" time="0.0"/>
  <system-out><![CDATA[]]></system-out>
  <system-err><![CDATA[]]></system-err>
</testsuite>
