<?xml version="1.0" encoding="UTF-8"?>
<testsuite name="com.example.fixmock.fix.FixMessageBuilderTest" tests="4" skipped="0" failures="0" errors="0" timestamp="2026-08-27T16:20:50.162Z" hostname="DESKTOP-QU7JKTR" time="0.002">
  <properties/>
  <testcase name="생성된_메시지는_스스로_다시_파싱될_수_있다_라운드트립()" classname="com.example.fixmock.fix.FixMessageBuilderTest" time="0.0"/>
  <testcase name="New_Order_Single_생성시_문제에_제시된_예시_태그를_모두_포함한다()" classname="com.example.fixmock.fix.FixMessageBuilderTest" time="0.001"/>
  <testcase name="Execution_Report_Rejected_생성시_거부사유가_Text에_담긴다()" classname="com.example.fixmock.fix.FixMessageBuilderTest" time="0.001"/>
  <testcase name="Execution_Report_Accepted_생성시_ExecType과_OrdStatus가_New이다()" classname="com.example.fixmock.fix.FixMessageBuilderTest" time="0.0"/>
  <system-out><![CDATA[]]></system-out>
  <system-err><![CDATA[]]></system-err>
</testsuite>
